<?xml version="1.0" encoding="UTF-8"?>
<!-- Generated by org.testng.reporters.JUnitReportReporter -->
<testsuite hostname="DESKTOP-T9A9TBK" failures="0" tests="3" name="Demo.TestNGpriority" time="0.037" errors="0" timestamp="2023-02-23T17:25:25 IST" skipped="0">
  <testcase classname="Demo.TestNGpriority" name="four" time="0.025"/>
  <system-out/>
  <testcase classname="Demo.TestNGpriority" name="one" time="0.008"/>
  <system-out/>
  <testcase classname="Demo.TestNGpriority" name="three" time="0.004"/>
  <system-out/>
</testsuite> <!-- Demo.TestNGpriority -->
