<?xml version="1.0" encoding="UTF-8"?>
<!-- Generated by org.testng.reporters.JUnitReportReporter -->
<testsuite hostname="DESKTOP-T9A9TBK" failures="0" tests="1" name="TestNG.TestNGClas2" time="56.563" errors="0" timestamp="2023-02-22T22:54:41 IST" skipped="0">
  <testcase classname="TestNG.TestNGClas2" name="test123" time="56.563"/>
  <system-out/>
</testsuite> <!-- TestNG.TestNGClas2 -->
